<?xml version="1.0" encoding="UTF-8"?>
<!-- Generated by org.testng.reporters.JUnitReportReporter -->
<testsuite hostname="LAPTOP-DOBLN3AU" failures="0" tests="1" name="com.wiki.seleniumScripts.Script2" time="5.284" errors="0" timestamp="2022-01-29T09:58:05 IST" skipped="0">
  <testcase classname="com.wiki.seleniumScripts.Script2" name="wikiSearchtest" time="5.284"/>
  <system-out/>
</testsuite> <!-- com.wiki.seleniumScripts.Script2 -->
