<?xml version="1.0" encoding="UTF-8"?>
<!-- Generated by org.testng.reporters.JUnitReportReporter -->
<testsuite hostname="LAPTOP-DOBLN3AU" failures="0" tests="1" name="com.addressbook.Scripts.NewContact" time="15.874" errors="0" timestamp="2022-01-30T09:22:00 IST" skipped="0">
  <testcase classname="com.addressbook.Scripts.NewContact" name="newContactTest" time="15.874"/>
  <system-out/>
</testsuite> <!-- com.addressbook.Scripts.NewContact -->
