<?xml version="1.0" encoding="UTF-8"?>
<!-- Generated by org.testng.reporters.JUnitReportReporter -->
<testsuite hostname="LAPTOP-DOBLN3AU" failures="0" tests="1" name="com.addressbook.Scripts.HomePage" time="6.575" errors="0" timestamp="2022-01-30T09:17:10 IST" skipped="0">
  <testcase classname="com.addressbook.Scripts.HomePage" name="HomePageTest" time="6.575"/>
  <system-out/>
</testsuite> <!-- com.addressbook.Scripts.HomePage -->
