<?xml version="1.0" encoding="UTF-8"?>
<!-- Generated by org.testng.reporters.JUnitReportReporter -->
<testsuite hostname="LAPTOP-DOBLN3AU" failures="0" tests="1" name="com.wiki.seleniumScripts.Script1" time="3.955" errors="0" timestamp="2022-01-29T09:58:05 IST" skipped="0">
  <testcase classname="com.wiki.seleniumScripts.Script1" name="wikipageTest" time="3.955"/>
  <system-out/>
</testsuite> <!-- com.wiki.seleniumScripts.Script1 -->
