<?xml version="1.0" encoding="UTF-8"?>
<!-- Generated by org.testng.reporters.JUnitReportReporter -->
<testsuite hostname="LAPTOP-DOBLN3AU" failures="0" tests="1" name="com.addressbook.Scripts.HomePage" time="6.053" errors="0" timestamp="30 Jan 2022 03:56:59 GMT" skipped="0">
  <testcase classname="com.addressbook.Scripts.HomePage" name="HomePageTest" time="6.053"/>
</testsuite> <!-- com.addressbook.Scripts.HomePage -->
