<?xml version="1.0" encoding="UTF-8"?>
<!-- Generated by org.testng.reporters.JUnitReportReporter -->
<testsuite hostname="LAPTOP-DOBLN3AU" failures="0" tests="2" name="com.wiki.seleniumScripts.Script2" time="11.731" errors="0" timestamp="29 Jan 2022 04:31:51 GMT" skipped="0">
  <testcase classname="com.wiki.seleniumScripts.Script2" name="wikiSearchtest" time="6.153"/>
  <testcase classname="com.wiki.seleniumScripts.Script2" name="wikiSearchtest" time="5.578"/>
</testsuite> <!-- com.wiki.seleniumScripts.Script2 -->
