<?xml version="1.0" encoding="UTF-8"?>
<!-- Generated by org.testng.reporters.JUnitReportReporter -->
<testsuite hostname="LAPTOP-DOBLN3AU" failures="0" tests="1" name="com.wiki.seleniumScripts.Script1" time="3.837" errors="0" timestamp="29 Jan 2022 04:31:51 GMT" skipped="0">
  <testcase classname="com.wiki.seleniumScripts.Script1" name="wikipageTest" time="3.837"/>
</testsuite> <!-- com.wiki.seleniumScripts.Script1 -->
